c:\users\carl\desktop\leveleditor\leveleditorwk05_sln\leveleditor\x64\debug\vc142.pdb
c:\users\carl\desktop\leveleditor\leveleditorwk05_sln\leveleditor\x64\debug\vc142.idb
c:\users\carl\desktop\leveleditor\leveleditorwk05_sln\leveleditor\x64\debug\camera.obj
c:\users\carl\desktop\leveleditor\leveleditorwk05_sln\leveleditor\x64\debug\tinyxml2.obj
c:\users\carl\desktop\leveleditor\leveleditorwk05_sln\leveleditor\x64\debug\imgui_widgets.obj
c:\users\carl\desktop\leveleditor\leveleditorwk05_sln\leveleditor\x64\debug\imgui_tables.obj
c:\users\carl\desktop\leveleditor\leveleditorwk05_sln\leveleditor\x64\debug\imgui_impl_opengl3.obj
c:\users\carl\desktop\leveleditor\leveleditorwk05_sln\leveleditor\x64\debug\imgui_impl_glfw.obj
c:\users\carl\desktop\leveleditor\leveleditorwk05_sln\leveleditor\x64\debug\imgui_draw.obj
c:\users\carl\desktop\leveleditor\leveleditorwk05_sln\leveleditor\x64\debug\imgui_demo.obj
c:\users\carl\desktop\leveleditor\leveleditorwk05_sln\leveleditor\x64\debug\imgui.obj
c:\users\carl\desktop\leveleditor\leveleditorwk05_sln\leveleditor\x64\debug\timer.obj
c:\users\carl\desktop\leveleditor\leveleditorwk05_sln\leveleditor\x64\debug\leveleditor.obj
c:\users\carl\desktop\leveleditor\leveleditorwk05_sln\leveleditor\x64\debug\mesh.obj
c:\users\carl\desktop\leveleditor\leveleditorwk05_sln\leveleditor\x64\debug\shaderloader.obj
c:\users\carl\desktop\leveleditor\leveleditorwk05_sln\leveleditor\x64\debug\scene.obj
c:\users\carl\desktop\leveleditor\leveleditorwk05_sln\leveleditor\x64\debug\model.obj
c:\users\carl\desktop\leveleditor\leveleditorwk05_sln\leveleditor\x64\debug\guimgr.obj
c:\users\carl\desktop\leveleditor\leveleditorwk05_sln\leveleditor\x64\debug\textureloader.obj
c:\users\carl\desktop\leveleditor\leveleditorwk05_sln\leveleditor\x64\debug\glad.obj
c:\users\carl\desktop\leveleditor\leveleditorwk05_sln\leveleditor\x64\debug\inputmgr.obj
c:\users\carl\desktop\leveleditor\leveleditorwk05_sln\x64\debug\leveleditor.exe
c:\users\carl\desktop\leveleditor\leveleditorwk05_sln\leveleditor\x64\debug\leveleditor.ilk
c:\users\carl\desktop\leveleditor\leveleditorwk05_sln\x64\debug\leveleditor.pdb
c:\users\carl\desktop\leveleditor\leveleditorwk05_sln\leveleditor\x64\debug\leveleditor.tlog\cl.command.1.tlog
c:\users\carl\desktop\leveleditor\leveleditorwk05_sln\leveleditor\x64\debug\leveleditor.tlog\cl.read.1.tlog
c:\users\carl\desktop\leveleditor\leveleditorwk05_sln\leveleditor\x64\debug\leveleditor.tlog\cl.write.1.tlog
c:\users\carl\desktop\leveleditor\leveleditorwk05_sln\leveleditor\x64\debug\leveleditor.tlog\link.command.1.tlog
c:\users\carl\desktop\leveleditor\leveleditorwk05_sln\leveleditor\x64\debug\leveleditor.tlog\link.read.1.tlog
c:\users\carl\desktop\leveleditor\leveleditorwk05_sln\leveleditor\x64\debug\leveleditor.tlog\link.write.1.tlog
