  Camera.cpp
C:\Users\sebas\OneDrive - University of South Wales\Uni\Tool Development\Tool-Development-Assignment-1\LevelEditor\Camera.cpp(232,23): warning C4244: '+=': conversion from 'double' to 'T', possible loss of data
C:\Users\sebas\OneDrive - University of South Wales\Uni\Tool Development\Tool-Development-Assignment-1\LevelEditor\Camera.cpp(232,23): warning C4244:         with
C:\Users\sebas\OneDrive - University of South Wales\Uni\Tool Development\Tool-Development-Assignment-1\LevelEditor\Camera.cpp(232,23): warning C4244:         [
C:\Users\sebas\OneDrive - University of South Wales\Uni\Tool Development\Tool-Development-Assignment-1\LevelEditor\Camera.cpp(232,23): warning C4244:             T=float
C:\Users\sebas\OneDrive - University of South Wales\Uni\Tool Development\Tool-Development-Assignment-1\LevelEditor\Camera.cpp(232,23): warning C4244:         ]
C:\Users\sebas\OneDrive - University of South Wales\Uni\Tool Development\Tool-Development-Assignment-1\LevelEditor\Camera.cpp(233,23): warning C4244: '+=': conversion from 'double' to 'T', possible loss of data
C:\Users\sebas\OneDrive - University of South Wales\Uni\Tool Development\Tool-Development-Assignment-1\LevelEditor\Camera.cpp(233,23): warning C4244:         with
C:\Users\sebas\OneDrive - University of South Wales\Uni\Tool Development\Tool-Development-Assignment-1\LevelEditor\Camera.cpp(233,23): warning C4244:         [
C:\Users\sebas\OneDrive - University of South Wales\Uni\Tool Development\Tool-Development-Assignment-1\LevelEditor\Camera.cpp(233,23): warning C4244:             T=float
C:\Users\sebas\OneDrive - University of South Wales\Uni\Tool Development\Tool-Development-Assignment-1\LevelEditor\Camera.cpp(233,23): warning C4244:         ]
C:\Users\sebas\OneDrive - University of South Wales\Uni\Tool Development\Tool-Development-Assignment-1\LevelEditor\Camera.cpp(234,23): warning C4244: '+=': conversion from 'double' to 'T', possible loss of data
C:\Users\sebas\OneDrive - University of South Wales\Uni\Tool Development\Tool-Development-Assignment-1\LevelEditor\Camera.cpp(234,23): warning C4244:         with
C:\Users\sebas\OneDrive - University of South Wales\Uni\Tool Development\Tool-Development-Assignment-1\LevelEditor\Camera.cpp(234,23): warning C4244:         [
C:\Users\sebas\OneDrive - University of South Wales\Uni\Tool Development\Tool-Development-Assignment-1\LevelEditor\Camera.cpp(234,23): warning C4244:             T=float
C:\Users\sebas\OneDrive - University of South Wales\Uni\Tool Development\Tool-Development-Assignment-1\LevelEditor\Camera.cpp(234,23): warning C4244:         ]
C:\Users\sebas\OneDrive - University of South Wales\Uni\Tool Development\Tool-Development-Assignment-1\LevelEditor\Camera.cpp(235,21): warning C4244: '+=': conversion from 'double' to 'T', possible loss of data
C:\Users\sebas\OneDrive - University of South Wales\Uni\Tool Development\Tool-Development-Assignment-1\LevelEditor\Camera.cpp(235,21): warning C4244:         with
C:\Users\sebas\OneDrive - University of South Wales\Uni\Tool Development\Tool-Development-Assignment-1\LevelEditor\Camera.cpp(235,21): warning C4244:         [
C:\Users\sebas\OneDrive - University of South Wales\Uni\Tool Development\Tool-Development-Assignment-1\LevelEditor\Camera.cpp(235,21): warning C4244:             T=float
C:\Users\sebas\OneDrive - University of South Wales\Uni\Tool Development\Tool-Development-Assignment-1\LevelEditor\Camera.cpp(235,21): warning C4244:         ]
C:\Users\sebas\OneDrive - University of South Wales\Uni\Tool Development\Tool-Development-Assignment-1\LevelEditor\Camera.cpp(236,21): warning C4244: '+=': conversion from 'double' to 'T', possible loss of data
C:\Users\sebas\OneDrive - University of South Wales\Uni\Tool Development\Tool-Development-Assignment-1\LevelEditor\Camera.cpp(236,21): warning C4244:         with
C:\Users\sebas\OneDrive - University of South Wales\Uni\Tool Development\Tool-Development-Assignment-1\LevelEditor\Camera.cpp(236,21): warning C4244:         [
C:\Users\sebas\OneDrive - University of South Wales\Uni\Tool Development\Tool-Development-Assignment-1\LevelEditor\Camera.cpp(236,21): warning C4244:             T=float
C:\Users\sebas\OneDrive - University of South Wales\Uni\Tool Development\Tool-Development-Assignment-1\LevelEditor\Camera.cpp(236,21): warning C4244:         ]
C:\Users\sebas\OneDrive - University of South Wales\Uni\Tool Development\Tool-Development-Assignment-1\LevelEditor\Camera.cpp(237,21): warning C4244: '+=': conversion from 'double' to 'T', possible loss of data
C:\Users\sebas\OneDrive - University of South Wales\Uni\Tool Development\Tool-Development-Assignment-1\LevelEditor\Camera.cpp(237,21): warning C4244:         with
C:\Users\sebas\OneDrive - University of South Wales\Uni\Tool Development\Tool-Development-Assignment-1\LevelEditor\Camera.cpp(237,21): warning C4244:         [
C:\Users\sebas\OneDrive - University of South Wales\Uni\Tool Development\Tool-Development-Assignment-1\LevelEditor\Camera.cpp(237,21): warning C4244:             T=float
C:\Users\sebas\OneDrive - University of South Wales\Uni\Tool Development\Tool-Development-Assignment-1\LevelEditor\Camera.cpp(237,21): warning C4244:         ]
  GroundQuad.cpp
  GUIMgr.cpp
  InputMgr.cpp
C:\Users\sebas\OneDrive - University of South Wales\Uni\Tool Development\Tool-Development-Assignment-1\LevelEditor\InputMgr.cpp(55,11): warning C4244: '=': conversion from 'double' to 'float', possible loss of data
C:\Users\sebas\OneDrive - University of South Wales\Uni\Tool Development\Tool-Development-Assignment-1\LevelEditor\InputMgr.cpp(56,11): warning C4244: '=': conversion from 'double' to 'float', possible loss of data
C:\Users\sebas\OneDrive - University of South Wales\Uni\Tool Development\Tool-Development-Assignment-1\LevelEditor\InputMgr.cpp(81,10): warning C4244: '=': conversion from 'double' to 'float', possible loss of data
C:\Users\sebas\OneDrive - University of South Wales\Uni\Tool Development\Tool-Development-Assignment-1\LevelEditor\InputMgr.cpp(82,10): warning C4244: '=': conversion from 'double' to 'float', possible loss of data
  LevelEditor.cpp
  Model.cpp
  Scene.cpp
C:\Users\sebas\OneDrive - University of South Wales\Uni\Tool Development\Tool-Development-Assignment-1\LevelEditor\Scene.cpp(115,11): warning C4267: 'initializing': conversion from 'size_t' to 'int', possible loss of data
  Generating Code...
  LINK : C:\Users\sebas\OneDrive - University of South Wales\Uni\Tool Development\Tool-Development-Assignment-1\x64\Debug\LevelEditor.exe not found or not built by the last incremental link; performing full link
  LevelEditor.vcxproj -> C:\Users\sebas\OneDrive - University of South Wales\Uni\Tool Development\Tool-Development-Assignment-1\x64\Debug\LevelEditor.exe
